<?xml version="1.0" encoding="UTF-8"?>
<testsuite xmlns:xsi="http://www.w3.org/2001/XMLSchema-instance" xsi:noNamespaceSchemaLocation="https://maven.apache.org/surefire/maven-surefire-plugin/xsd/surefire-test-report.xsd" name="ut.com.example.ampstutorial.MyComponentUnitTest" time="0.032" tests="1" errors="0" skipped="0" failures="0">
  <properties>
    <property name="gopherProxySet" value="false"/>
    <property name="awt.toolkit" value="sun.lwawt.macosx.LWCToolkit"/>
    <property name="file.encoding.pkg" value="sun.io"/>
    <property name="java.specification.version" value="1.8"/>
    <property name="sun.cpu.isalist" value=""/>
    <property name="sun.jnu.encoding" value="UTF-8"/>
    <property name="java.class.path" value="/Users/ugnius.vaznys@vinted.com/vm-share/exploits/rce-plugin/fecrutwitter/target/test-classes:/Users/ugnius.vaznys@vinted.com/vm-share/exploits/rce-plugin/fecrutwitter/target/classes:/Users/ugnius.vaznys@vinted.com/.m2/repository/junit/junit/4.10/junit-4.10.jar:/Users/ugnius.vaznys@vinted.com/.m2/repository/org/hamcrest/hamcrest-core/1.1/hamcrest-core-1.1.jar:/Users/ugnius.vaznys@vinted.com/.m2/repository/javax/servlet/servlet-api/2.4/servlet-api-2.4.jar:/Users/ugnius.vaznys@vinted.com/.m2/repository/com/atlassian/fisheye/atlassian-fisheye-api/4.8.11-20221216114657/atlassian-fisheye-api-4.8.11-20221216114657.jar:/Users/ugnius.vaznys@vinted.com/.m2/repository/javax/servlet/javax.servlet-api/3.1.0/javax.servlet-api-3.1.0.jar:/Users/ugnius.vaznys@vinted.com/.m2/repository/com/atlassian/event/atlassian-event/3.1.7/atlassian-event-3.1.7.jar:/Users/ugnius.vaznys@vinted.com/.m2/repository/com/sun/xml/bind/jaxb-impl/2.1.10/jaxb-impl-2.1.10.jar:/Users/ugnius.vaznys@vinted.com/.m2/repository/javax/xml/bind/jaxb-api/2.1/jaxb-api-2.1.jar:/Users/ugnius.vaznys@vinted.com/.m2/repository/javax/xml/stream/stax-api/1.0-2/stax-api-1.0-2.jar:/Users/ugnius.vaznys@vinted.com/.m2/repository/com/atlassian/plugins/rest/atlassian-rest-common/3.4.16/atlassian-rest-common-3.4.16.jar:/Users/ugnius.vaznys@vinted.com/.m2/repository/com/sun/jersey/jersey-core/1.19.4/jersey-core-1.19.4.jar:/Users/ugnius.vaznys@vinted.com/.m2/repository/com/sun/jersey/jersey-server/1.19.4/jersey-server-1.19.4.jar:/Users/ugnius.vaznys@vinted.com/.m2/repository/com/sun/jersey/jersey-servlet/1.19.4/jersey-servlet-1.19.4.jar:/Users/ugnius.vaznys@vinted.com/.m2/repository/com/sun/jersey/jersey-client/1.19.4/jersey-client-1.19.4.jar:/Users/ugnius.vaznys@vinted.com/.m2/repository/com/sun/jersey/jersey-json/1.19.4/jersey-json-1.19.4.jar:/Users/ugnius.vaznys@vinted.com/.m2/repository/org/codehaus/jettison/jettison/1.1/jettison-1.1.jar:/Users/ugnius.vaznys@vinted.com/.m2/repository/org/codehaus/jackson/jackson-core-asl/1.9.13-atlassian-6/jackson-core-asl-1.9.13-atlassian-6.jar:/Users/ugnius.vaznys@vinted.com/.m2/repository/org/codehaus/jackson/jackson-mapper-asl/1.9.13-atlassian-6/jackson-mapper-asl-1.9.13-atlassian-6.jar:/Users/ugnius.vaznys@vinted.com/.m2/repository/org/codehaus/jackson/jackson-jaxrs/1.9.13-atlassian-6/jackson-jaxrs-1.9.13-atlassian-6.jar:/Users/ugnius.vaznys@vinted.com/.m2/repository/org/codehaus/jackson/jackson-xc/1.9.13-atlassian-6/jackson-xc-1.9.13-atlassian-6.jar:/Users/ugnius.vaznys@vinted.com/.m2/repository/com/atlassian/security/auth/trustedapps/atlassian-trusted-apps-core/4.1.6/atlassian-trusted-apps-core-4.1.6.jar:/Users/ugnius.vaznys@vinted.com/.m2/repository/opensymphony/oscore/2.2.7/oscore-2.2.7.jar:/Users/ugnius.vaznys@vinted.com/.m2/repository/joda-time/joda-time/2.3/joda-time-2.3.jar:/Users/ugnius.vaznys@vinted.com/.m2/repository/com/google/code/findbugs/jsr305/3.0.2/jsr305-3.0.2.jar:/Users/ugnius.vaznys@vinted.com/.m2/repository/com/google/guava/guava/18.0/guava-18.0.jar:/Users/ugnius.vaznys@vinted.com/.m2/repository/com/sun/mail/javax.mail/1.6.2/javax.mail-1.6.2.jar:/Users/ugnius.vaznys@vinted.com/.m2/repository/javax/activation/activation/1.1/activation-1.1.jar:/Users/ugnius.vaznys@vinted.com/.m2/repository/com/atlassian/renderer/atlassian-renderer/9.0.0/atlassian-renderer-9.0.0.jar:/Users/ugnius.vaznys@vinted.com/.m2/repository/commons-lang/commons-lang/2.1/commons-lang-2.1.jar:/Users/ugnius.vaznys@vinted.com/.m2/repository/commons-beanutils/commons-beanutils/1.9.4/commons-beanutils-1.9.4.jar:/Users/ugnius.vaznys@vinted.com/.m2/repository/commons-collections/commons-collections/3.2.2/commons-collections-3.2.2.jar:/Users/ugnius.vaznys@vinted.com/.m2/repository/log4j/log4j/1.2.17-atlassian-3/log4j-1.2.17-atlassian-3.jar:/Users/ugnius.vaznys@vinted.com/.m2/repository/com/atlassian/mail/atlassian-mail/2.7.15/atlassian-mail-2.7.15.jar:/Users/ugnius.vaznys@vinted.com/.m2/repository/com/atlassian/profiling/atlassian-profiling/1.8/atlassian-profiling-1.8.jar:/Users/ugnius.vaznys@vinted.com/.m2/repository/com/atlassian/util/concurrent/atlassian-util-concurrent/0.0.12/atlassian-util-concurrent-0.0.12.jar:/Users/ugnius.vaznys@vinted.com/.m2/repository/com/atlassian/plugins/atlassian-plugins-core/2.1.0/atlassian-plugins-core-2.1.0.jar:/Users/ugnius.vaznys@vinted.com/.m2/repository/dom4j/dom4j/1.4.1-atlassian-1/dom4j-1.4.1-atlassian-1.jar:/Users/ugnius.vaznys@vinted.com/.m2/repository/com/atlassian/plugins/atlassian-plugins-webfragment/2.1.0/atlassian-plugins-webfragment-2.1.0.jar:/Users/ugnius.vaznys@vinted.com/.m2/repository/radeox/radeox/1.0b2-forked-22Apr2004/radeox-1.0b2-forked-22Apr2004.jar:/Users/ugnius.vaznys@vinted.com/.m2/repository/org/hibernate/jtidy/r8-20060801/jtidy-r8-20060801.jar:/Users/ugnius.vaznys@vinted.com/.m2/repository/commons-codec/commons-codec/1.15/commons-codec-1.15.jar:/Users/ugnius.vaznys@vinted.com/.m2/repository/com/atlassian/extras/atlassian-extras/2.5/atlassian-extras-2.5.jar:/Users/ugnius.vaznys@vinted.com/.m2/repository/com/atlassian/applinks/applinks-api/5.4.28/applinks-api-5.4.28.jar:/Users/ugnius.vaznys@vinted.com/.m2/repository/com/atlassian/annotations/atlassian-annotations/1.1.0/atlassian-annotations-1.1.0.jar:/Users/ugnius.vaznys@vinted.com/.m2/repository/org/eclipse/jgit/org.eclipse.jgit/5.12.0.202106070339-r/org.eclipse.jgit-5.12.0.202106070339-r.jar:/Users/ugnius.vaznys@vinted.com/.m2/repository/com/googlecode/javaewah/JavaEWAH/1.1.7/JavaEWAH-1.1.7.jar:/Users/ugnius.vaznys@vinted.com/.m2/repository/com/atlassian/crucible/atlassian-crucible-scmutils/4.8.11-20221216114657/atlassian-crucible-scmutils-4.8.11-20221216114657.jar:/Users/ugnius.vaznys@vinted.com/.m2/repository/org/apache/commons/commons-lang3/3.8.1/commons-lang3-3.8.1.jar:/Users/ugnius.vaznys@vinted.com/.m2/repository/com/thoughtworks/xstream/xstream/1.4.18/xstream-1.4.18.jar:/Users/ugnius.vaznys@vinted.com/.m2/repository/io/github/x-stream/mxparser/1.2.2/mxparser-1.2.2.jar:/Users/ugnius.vaznys@vinted.com/.m2/repository/xmlpull/xmlpull/1.1.3.1/xmlpull-1.1.3.1.jar:/Users/ugnius.vaznys@vinted.com/.m2/repository/com/atlassian/sal/sal-api/2.7.1/sal-api-2.7.1.jar:/Users/ugnius.vaznys@vinted.com/.m2/repository/com/atlassian/plugins/atlassian-plugins-osgi-javaconfig/0.2.0/atlassian-plugins-osgi-javaconfig-0.2.0.jar:/Users/ugnius.vaznys@vinted.com/.m2/repository/org/apache/felix/org.apache.felix.framework/4.0.0/org.apache.felix.framework-4.0.0.jar:/Users/ugnius.vaznys@vinted.com/.m2/repository/org/springframework/spring-beans/4.2.5.RELEASE/spring-beans-4.2.5.RELEASE.jar:/Users/ugnius.vaznys@vinted.com/.m2/repository/org/springframework/spring-core/4.2.5.RELEASE/spring-core-4.2.5.RELEASE.jar:/Users/ugnius.vaznys@vinted.com/.m2/repository/commons-logging/commons-logging/1.2/commons-logging-1.2.jar:/Users/ugnius.vaznys@vinted.com/.m2/repository/org/springframework/spring-context/4.2.5.RELEASE/spring-context-4.2.5.RELEASE.jar:/Users/ugnius.vaznys@vinted.com/.m2/repository/org/springframework/spring-aop/4.2.5.RELEASE/spring-aop-4.2.5.RELEASE.jar:/Users/ugnius.vaznys@vinted.com/.m2/repository/aopalliance/aopalliance/1.0/aopalliance-1.0.jar:/Users/ugnius.vaznys@vinted.com/.m2/repository/org/springframework/spring-expression/4.2.5.RELEASE/spring-expression-4.2.5.RELEASE.jar:/Users/ugnius.vaznys@vinted.com/.m2/repository/org/slf4j/slf4j-api/1.5.8/slf4j-api-1.5.8.jar:/Users/ugnius.vaznys@vinted.com/.m2/repository/com/atlassian/plugins/atlassian-plugins-osgi-testrunner/2.0.2/atlassian-plugins-osgi-testrunner-2.0.2.jar:/Users/ugnius.vaznys@vinted.com/.m2/repository/org/apache/wink/wink-client/1.1.3-incubating/wink-client-1.1.3-incubating.jar:/Users/ugnius.vaznys@vinted.com/.m2/repository/org/apache/wink/wink-common/1.1.3-incubating/wink-common-1.1.3-incubating.jar:/Users/ugnius.vaznys@vinted.com/.m2/repository/org/apache/geronimo/specs/geronimo-annotation_1.1_spec/1.0/geronimo-annotation_1.1_spec-1.0.jar:/Users/ugnius.vaznys@vinted.com/.m2/repository/commons-io/commons-io/1.4/commons-io-1.4.jar:/Users/ugnius.vaznys@vinted.com/.m2/repository/com/atlassian/upm/upm-api/2.15/upm-api-2.15.jar:/Users/ugnius.vaznys@vinted.com/.m2/repository/javax/ws/rs/jsr311-api/1.1.1/jsr311-api-1.1.1.jar:/Users/ugnius.vaznys@vinted.com/.m2/repository/com/google/code/gson/gson/2.2.2-atlassian-1/gson-2.2.2-atlassian-1.jar:"/>
    <property name="java.vm.vendor" value="AdoptOpenJDK"/>
    <property name="sun.arch.data.model" value="64"/>
    <property name="java.vendor.url" value="https://adoptopenjdk.net/"/>
    <property name="user.timezone" value=""/>
    <property name="java.vm.specification.version" value="1.8"/>
    <property name="os.name" value="Mac OS X"/>
    <property name="user.country" value="LT"/>
    <property name="sun.java.launcher" value="SUN_STANDARD"/>
    <property name="sun.boot.library.path" value="/Library/Java/JavaVirtualMachines/adoptopenjdk-8.jdk/Contents/Home/jre/lib"/>
    <property name="sun.java.command" value="/Users/ugnius.vaznys@vinted.com/vm-share/exploits/rce-plugin/fecrutwitter/target/surefire/surefirebooter7729998813787849414.jar /Users/ugnius.vaznys@vinted.com/vm-share/exploits/rce-plugin/fecrutwitter/target/surefire 2022-12-25T01-53-52_351-jvmRun1 surefire996363616618642964tmp surefire_08848529686008179635tmp"/>
    <property name="http.nonProxyHosts" value="local|*.local|169.254/16|*.169.254/16"/>
    <property name="surefire.test.class.path" value="/Users/ugnius.vaznys@vinted.com/vm-share/exploits/rce-plugin/fecrutwitter/target/test-classes:/Users/ugnius.vaznys@vinted.com/vm-share/exploits/rce-plugin/fecrutwitter/target/classes:/Users/ugnius.vaznys@vinted.com/.m2/repository/junit/junit/4.10/junit-4.10.jar:/Users/ugnius.vaznys@vinted.com/.m2/repository/org/hamcrest/hamcrest-core/1.1/hamcrest-core-1.1.jar:/Users/ugnius.vaznys@vinted.com/.m2/repository/javax/servlet/servlet-api/2.4/servlet-api-2.4.jar:/Users/ugnius.vaznys@vinted.com/.m2/repository/com/atlassian/fisheye/atlassian-fisheye-api/4.8.11-20221216114657/atlassian-fisheye-api-4.8.11-20221216114657.jar:/Users/ugnius.vaznys@vinted.com/.m2/repository/javax/servlet/javax.servlet-api/3.1.0/javax.servlet-api-3.1.0.jar:/Users/ugnius.vaznys@vinted.com/.m2/repository/com/atlassian/event/atlassian-event/3.1.7/atlassian-event-3.1.7.jar:/Users/ugnius.vaznys@vinted.com/.m2/repository/com/sun/xml/bind/jaxb-impl/2.1.10/jaxb-impl-2.1.10.jar:/Users/ugnius.vaznys@vinted.com/.m2/repository/javax/xml/bind/jaxb-api/2.1/jaxb-api-2.1.jar:/Users/ugnius.vaznys@vinted.com/.m2/repository/javax/xml/stream/stax-api/1.0-2/stax-api-1.0-2.jar:/Users/ugnius.vaznys@vinted.com/.m2/repository/com/atlassian/plugins/rest/atlassian-rest-common/3.4.16/atlassian-rest-common-3.4.16.jar:/Users/ugnius.vaznys@vinted.com/.m2/repository/com/sun/jersey/jersey-core/1.19.4/jersey-core-1.19.4.jar:/Users/ugnius.vaznys@vinted.com/.m2/repository/com/sun/jersey/jersey-server/1.19.4/jersey-server-1.19.4.jar:/Users/ugnius.vaznys@vinted.com/.m2/repository/com/sun/jersey/jersey-servlet/1.19.4/jersey-servlet-1.19.4.jar:/Users/ugnius.vaznys@vinted.com/.m2/repository/com/sun/jersey/jersey-client/1.19.4/jersey-client-1.19.4.jar:/Users/ugnius.vaznys@vinted.com/.m2/repository/com/sun/jersey/jersey-json/1.19.4/jersey-json-1.19.4.jar:/Users/ugnius.vaznys@vinted.com/.m2/repository/org/codehaus/jettison/jettison/1.1/jettison-1.1.jar:/Users/ugnius.vaznys@vinted.com/.m2/repository/org/codehaus/jackson/jackson-core-asl/1.9.13-atlassian-6/jackson-core-asl-1.9.13-atlassian-6.jar:/Users/ugnius.vaznys@vinted.com/.m2/repository/org/codehaus/jackson/jackson-mapper-asl/1.9.13-atlassian-6/jackson-mapper-asl-1.9.13-atlassian-6.jar:/Users/ugnius.vaznys@vinted.com/.m2/repository/org/codehaus/jackson/jackson-jaxrs/1.9.13-atlassian-6/jackson-jaxrs-1.9.13-atlassian-6.jar:/Users/ugnius.vaznys@vinted.com/.m2/repository/org/codehaus/jackson/jackson-xc/1.9.13-atlassian-6/jackson-xc-1.9.13-atlassian-6.jar:/Users/ugnius.vaznys@vinted.com/.m2/repository/com/atlassian/security/auth/trustedapps/atlassian-trusted-apps-core/4.1.6/atlassian-trusted-apps-core-4.1.6.jar:/Users/ugnius.vaznys@vinted.com/.m2/repository/opensymphony/oscore/2.2.7/oscore-2.2.7.jar:/Users/ugnius.vaznys@vinted.com/.m2/repository/joda-time/joda-time/2.3/joda-time-2.3.jar:/Users/ugnius.vaznys@vinted.com/.m2/repository/com/google/code/findbugs/jsr305/3.0.2/jsr305-3.0.2.jar:/Users/ugnius.vaznys@vinted.com/.m2/repository/com/google/guava/guava/18.0/guava-18.0.jar:/Users/ugnius.vaznys@vinted.com/.m2/repository/com/sun/mail/javax.mail/1.6.2/javax.mail-1.6.2.jar:/Users/ugnius.vaznys@vinted.com/.m2/repository/javax/activation/activation/1.1/activation-1.1.jar:/Users/ugnius.vaznys@vinted.com/.m2/repository/com/atlassian/renderer/atlassian-renderer/9.0.0/atlassian-renderer-9.0.0.jar:/Users/ugnius.vaznys@vinted.com/.m2/repository/commons-lang/commons-lang/2.1/commons-lang-2.1.jar:/Users/ugnius.vaznys@vinted.com/.m2/repository/commons-beanutils/commons-beanutils/1.9.4/commons-beanutils-1.9.4.jar:/Users/ugnius.vaznys@vinted.com/.m2/repository/commons-collections/commons-collections/3.2.2/commons-collections-3.2.2.jar:/Users/ugnius.vaznys@vinted.com/.m2/repository/log4j/log4j/1.2.17-atlassian-3/log4j-1.2.17-atlassian-3.jar:/Users/ugnius.vaznys@vinted.com/.m2/repository/com/atlassian/mail/atlassian-mail/2.7.15/atlassian-mail-2.7.15.jar:/Users/ugnius.vaznys@vinted.com/.m2/repository/com/atlassian/profiling/atlassian-profiling/1.8/atlassian-profiling-1.8.jar:/Users/ugnius.vaznys@vinted.com/.m2/repository/com/atlassian/util/concurrent/atlassian-util-concurrent/0.0.12/atlassian-util-concurrent-0.0.12.jar:/Users/ugnius.vaznys@vinted.com/.m2/repository/com/atlassian/plugins/atlassian-plugins-core/2.1.0/atlassian-plugins-core-2.1.0.jar:/Users/ugnius.vaznys@vinted.com/.m2/repository/dom4j/dom4j/1.4.1-atlassian-1/dom4j-1.4.1-atlassian-1.jar:/Users/ugnius.vaznys@vinted.com/.m2/repository/com/atlassian/plugins/atlassian-plugins-webfragment/2.1.0/atlassian-plugins-webfragment-2.1.0.jar:/Users/ugnius.vaznys@vinted.com/.m2/repository/radeox/radeox/1.0b2-forked-22Apr2004/radeox-1.0b2-forked-22Apr2004.jar:/Users/ugnius.vaznys@vinted.com/.m2/repository/org/hibernate/jtidy/r8-20060801/jtidy-r8-20060801.jar:/Users/ugnius.vaznys@vinted.com/.m2/repository/commons-codec/commons-codec/1.15/commons-codec-1.15.jar:/Users/ugnius.vaznys@vinted.com/.m2/repository/com/atlassian/extras/atlassian-extras/2.5/atlassian-extras-2.5.jar:/Users/ugnius.vaznys@vinted.com/.m2/repository/com/atlassian/applinks/applinks-api/5.4.28/applinks-api-5.4.28.jar:/Users/ugnius.vaznys@vinted.com/.m2/repository/com/atlassian/annotations/atlassian-annotations/1.1.0/atlassian-annotations-1.1.0.jar:/Users/ugnius.vaznys@vinted.com/.m2/repository/org/eclipse/jgit/org.eclipse.jgit/5.12.0.202106070339-r/org.eclipse.jgit-5.12.0.202106070339-r.jar:/Users/ugnius.vaznys@vinted.com/.m2/repository/com/googlecode/javaewah/JavaEWAH/1.1.7/JavaEWAH-1.1.7.jar:/Users/ugnius.vaznys@vinted.com/.m2/repository/com/atlassian/crucible/atlassian-crucible-scmutils/4.8.11-20221216114657/atlassian-crucible-scmutils-4.8.11-20221216114657.jar:/Users/ugnius.vaznys@vinted.com/.m2/repository/org/apache/commons/commons-lang3/3.8.1/commons-lang3-3.8.1.jar:/Users/ugnius.vaznys@vinted.com/.m2/repository/com/thoughtworks/xstream/xstream/1.4.18/xstream-1.4.18.jar:/Users/ugnius.vaznys@vinted.com/.m2/repository/io/github/x-stream/mxparser/1.2.2/mxparser-1.2.2.jar:/Users/ugnius.vaznys@vinted.com/.m2/repository/xmlpull/xmlpull/1.1.3.1/xmlpull-1.1.3.1.jar:/Users/ugnius.vaznys@vinted.com/.m2/repository/com/atlassian/sal/sal-api/2.7.1/sal-api-2.7.1.jar:/Users/ugnius.vaznys@vinted.com/.m2/repository/com/atlassian/plugins/atlassian-plugins-osgi-javaconfig/0.2.0/atlassian-plugins-osgi-javaconfig-0.2.0.jar:/Users/ugnius.vaznys@vinted.com/.m2/repository/org/apache/felix/org.apache.felix.framework/4.0.0/org.apache.felix.framework-4.0.0.jar:/Users/ugnius.vaznys@vinted.com/.m2/repository/org/springframework/spring-beans/4.2.5.RELEASE/spring-beans-4.2.5.RELEASE.jar:/Users/ugnius.vaznys@vinted.com/.m2/repository/org/springframework/spring-core/4.2.5.RELEASE/spring-core-4.2.5.RELEASE.jar:/Users/ugnius.vaznys@vinted.com/.m2/repository/commons-logging/commons-logging/1.2/commons-logging-1.2.jar:/Users/ugnius.vaznys@vinted.com/.m2/repository/org/springframework/spring-context/4.2.5.RELEASE/spring-context-4.2.5.RELEASE.jar:/Users/ugnius.vaznys@vinted.com/.m2/repository/org/springframework/spring-aop/4.2.5.RELEASE/spring-aop-4.2.5.RELEASE.jar:/Users/ugnius.vaznys@vinted.com/.m2/repository/aopalliance/aopalliance/1.0/aopalliance-1.0.jar:/Users/ugnius.vaznys@vinted.com/.m2/repository/org/springframework/spring-expression/4.2.5.RELEASE/spring-expression-4.2.5.RELEASE.jar:/Users/ugnius.vaznys@vinted.com/.m2/repository/org/slf4j/slf4j-api/1.5.8/slf4j-api-1.5.8.jar:/Users/ugnius.vaznys@vinted.com/.m2/repository/com/atlassian/plugins/atlassian-plugins-osgi-testrunner/2.0.2/atlassian-plugins-osgi-testrunner-2.0.2.jar:/Users/ugnius.vaznys@vinted.com/.m2/repository/org/apache/wink/wink-client/1.1.3-incubating/wink-client-1.1.3-incubating.jar:/Users/ugnius.vaznys@vinted.com/.m2/repository/org/apache/wink/wink-common/1.1.3-incubating/wink-common-1.1.3-incubating.jar:/Users/ugnius.vaznys@vinted.com/.m2/repository/org/apache/geronimo/specs/geronimo-annotation_1.1_spec/1.0/geronimo-annotation_1.1_spec-1.0.jar:/Users/ugnius.vaznys@vinted.com/.m2/repository/commons-io/commons-io/1.4/commons-io-1.4.jar:/Users/ugnius.vaznys@vinted.com/.m2/repository/com/atlassian/upm/upm-api/2.15/upm-api-2.15.jar:/Users/ugnius.vaznys@vinted.com/.m2/repository/javax/ws/rs/jsr311-api/1.1.1/jsr311-api-1.1.1.jar:/Users/ugnius.vaznys@vinted.com/.m2/repository/com/google/code/gson/gson/2.2.2-atlassian-1/gson-2.2.2-atlassian-1.jar:"/>
    <property name="sun.cpu.endian" value="little"/>
    <property name="user.home" value="/Users/ugnius.vaznys@vinted.com"/>
    <property name="user.language" value="en"/>
    <property name="java.specification.vendor" value="Oracle Corporation"/>
    <property name="java.home" value="/Library/Java/JavaVirtualMachines/adoptopenjdk-8.jdk/Contents/Home/jre"/>
    <property name="basedir" value="/Users/ugnius.vaznys@vinted.com/vm-share/exploits/rce-plugin/fecrutwitter"/>
    <property name="file.separator" value="/"/>
    <property name="line.separator" value="&#10;"/>
    <property name="java.vm.specification.vendor" value="Oracle Corporation"/>
    <property name="java.specification.name" value="Java Platform API Specification"/>
    <property name="java.awt.graphicsenv" value="sun.awt.CGraphicsEnvironment"/>
    <property name="surefire.real.class.path" value="/Users/ugnius.vaznys@vinted.com/vm-share/exploits/rce-plugin/fecrutwitter/target/surefire/surefirebooter7729998813787849414.jar"/>
    <property name="sun.boot.class.path" value="/Library/Java/JavaVirtualMachines/adoptopenjdk-8.jdk/Contents/Home/jre/lib/resources.jar:/Library/Java/JavaVirtualMachines/adoptopenjdk-8.jdk/Contents/Home/jre/lib/rt.jar:/Library/Java/JavaVirtualMachines/adoptopenjdk-8.jdk/Contents/Home/jre/lib/sunrsasign.jar:/Library/Java/JavaVirtualMachines/adoptopenjdk-8.jdk/Contents/Home/jre/lib/jsse.jar:/Library/Java/JavaVirtualMachines/adoptopenjdk-8.jdk/Contents/Home/jre/lib/jce.jar:/Library/Java/JavaVirtualMachines/adoptopenjdk-8.jdk/Contents/Home/jre/lib/charsets.jar:/Library/Java/JavaVirtualMachines/adoptopenjdk-8.jdk/Contents/Home/jre/lib/jfr.jar:/Library/Java/JavaVirtualMachines/adoptopenjdk-8.jdk/Contents/Home/jre/classes"/>
    <property name="sun.management.compiler" value="HotSpot 64-Bit Tiered Compilers"/>
    <property name="ftp.nonProxyHosts" value="local|*.local|169.254/16|*.169.254/16"/>
    <property name="java.runtime.version" value="1.8.0_292-b10"/>
    <property name="user.name" value="ugnius.vaznys@vinted.com"/>
    <property name="path.separator" value=":"/>
    <property name="os.version" value="10.16"/>
    <property name="java.endorsed.dirs" value="/Library/Java/JavaVirtualMachines/adoptopenjdk-8.jdk/Contents/Home/jre/lib/endorsed"/>
    <property name="java.runtime.name" value="OpenJDK Runtime Environment"/>
    <property name="file.encoding" value="UTF-8"/>
    <property name="java.vm.name" value="OpenJDK 64-Bit Server VM"/>
    <property name="localRepository" value="/Users/ugnius.vaznys@vinted.com/.m2/repository"/>
    <property name="java.vendor.url.bug" value="https://github.com/AdoptOpenJDK/openjdk-support/issues"/>
    <property name="java.io.tmpdir" value="/var/folders/r2/1ytcxn1n4sv7b9v2r0spfj200000gq/T/"/>
    <property name="java.version" value="1.8.0_292"/>
    <property name="user.dir" value="/Users/ugnius.vaznys@vinted.com/vm-share/exploits/rce-plugin/fecrutwitter"/>
    <property name="os.arch" value="x86_64"/>
    <property name="java.vm.specification.name" value="Java Virtual Machine Specification"/>
    <property name="java.awt.printerjob" value="sun.lwawt.macosx.CPrinterJob"/>
    <property name="sun.os.patch.level" value="unknown"/>
    <property name="java.library.path" value="/Users/ugnius.vaznys@vinted.com/Library/Java/Extensions:/Library/Java/Extensions:/Network/Library/Java/Extensions:/System/Library/Java/Extensions:/usr/lib/java:."/>
    <property name="java.vm.info" value="mixed mode"/>
    <property name="java.vendor" value="AdoptOpenJDK"/>
    <property name="java.vm.version" value="25.292-b10"/>
    <property name="java.ext.dirs" value="/Users/ugnius.vaznys@vinted.com/Library/Java/Extensions:/Library/Java/JavaVirtualMachines/adoptopenjdk-8.jdk/Contents/Home/jre/lib/ext:/Library/Java/Extensions:/Network/Library/Java/Extensions:/System/Library/Java/Extensions:/usr/lib/java"/>
    <property name="sun.io.unicode.encoding" value="UnicodeBig"/>
    <property name="java.class.version" value="52.0"/>
    <property name="socksNonProxyHosts" value="local|*.local|169.254/16|*.169.254/16"/>
  </properties>
  <testcase name="testMyName" classname="ut.com.example.ampstutorial.MyComponentUnitTest" time="0.002"/>
</testsuite>